[2025-04-06 16:09:17] FAILED - Email: admin@universidade.com - IP: ::1
[2025-04-06 16:10:03] SUCCESS - Email: pedrosilva@gmail.com - IP: ::1
[2025-04-06 16:14:20] SUCCESS - Email: pedrosilva@gmail.com - IP: ::1
[2025-04-06 16:21:00] SUCCESS - Email: pedrosilva@gmail.com - IP: ::1
[2025-04-06 16:21:34] SUCCESS - Email: pedrosilva@gmail.com - IP: ::1
[2025-04-06 16:24:47] SUCCESS - Email: pedrosilva@gmail.com - IP: ::1
[2025-04-06 16:43:57] FAILED - Email: admin@universidade.com - IP: ::1
[2025-04-06 16:44:20] SUCCESS - Email: pedrosilva@gmail.com - IP: ::1
[2025-04-06 17:12:12] SUCCESS - Email: pedrosilva@gmail.com - IP: ::1
[2025-04-07 00:51:30] SUCCESS - Email: pedrosilva@gmail.com - IP: ::1
[2025-04-07 11:27:30] SUCCESS - Email: pedrosilva@gmail.com - IP: ::1
[2025-04-07 23:30:56] FAILED - Email: admin@universidade.com - IP: ::1
[2025-04-07 23:31:18] FAILED - Email: pedropaulo@gmail.com - IP: ::1
[2025-04-07 23:37:19] SUCCESS - Email: pedrosilva@gmail.com - IP: ::1
[2025-04-07 23:51:58] FAILED - Email: admin@universidade.com - IP: ::1
[2025-04-07 23:53:17] SUCCESS - Email: pedrosilva@gmail.com - IP: ::1
[2025-04-08 14:29:23] SUCCESS - Email: pedrosilva@gmail.com - IP: ::1
[2025-04-09 02:38:06] FAILED - Email: admin@universidade.com - IP: ::1
[2025-04-09 02:38:40] SUCCESS - Email: pedrosilva@gmail.com - IP: ::1
[2025-04-09 15:45:51] FAILED - Email: admin@universidade.com - IP: ::1
[2025-04-09 15:46:11] SUCCESS - Email: pedrosilva@gmail.com - IP: ::1
[2025-04-11 18:39:40] SUCCESS - Email: pedrosilva@gmail.com - IP: ::1
[2025-04-12 22:34:30] FAILED - Email: pedrosilva@gmail.com - IP: ::1
[2025-04-12 22:34:43] SUCCESS - Email: pedrosilva@gmail.com - IP: ::1
[2025-04-12 22:38:21] SUCCESS - Email: dentista@gmail.com - IP: ::1
[2025-04-12 22:49:28] SUCCESS - Email: pedrosilva@gmail.com - IP: ::1
